#! /c/Source/iverilog-install/bin/vvp
:ivl_version "12.0 (devel)" "(s20150603-1110-g18392a46)";
:ivl_delay_selection "TYPICAL";
:vpi_time_precision + 0;
:vpi_module "C:\iverilog\lib\ivl\system.vpi";
:vpi_module "C:\iverilog\lib\ivl\vhdl_sys.vpi";
:vpi_module "C:\iverilog\lib\ivl\vhdl_textio.vpi";
:vpi_module "C:\iverilog\lib\ivl\v2005_math.vpi";
:vpi_module "C:\iverilog\lib\ivl\va_math.vpi";
S_00000136504c2ce0 .scope module, "Flip_Flop_T" "Flip_Flop_T" 2 1;
 .timescale 0 0;
    .port_info 0 /INPUT 1 "Clk";
    .port_info 1 /INPUT 1 "Rst";
    .port_info 2 /INPUT 1 "T";
    .port_info 3 /OUTPUT 1 "Q";
    .port_info 4 /OUTPUT 1 "Qp";
L_00000136504c33b0 .functor NOT 1, v000001365061ee50_0, C4<0>, C4<0>, C4<0>;
o00000136504f6fa8 .functor BUFZ 1, C4<z>; HiZ drive
v00000136504c35d0_0 .net "Clk", 0 0, o00000136504f6fa8;  0 drivers
v000001365061ee50_0 .var "Q", 0 0;
v000001365061eef0_0 .net "Qp", 0 0, L_00000136504c33b0;  1 drivers
o00000136504f7038 .functor BUFZ 1, C4<z>; HiZ drive
v00000136504c2e70_0 .net "Rst", 0 0, o00000136504f7038;  0 drivers
o00000136504f7068 .functor BUFZ 1, C4<z>; HiZ drive
v00000136504c2f10_0 .net "T", 0 0, o00000136504f7068;  0 drivers
E_000001365061cfe0/0 .event negedge, v00000136504c2e70_0;
E_000001365061cfe0/1 .event posedge, v00000136504c35d0_0;
E_000001365061cfe0 .event/or E_000001365061cfe0/0, E_000001365061cfe0/1;
    .scope S_00000136504c2ce0;
T_0 ;
    %wait E_000001365061cfe0;
    %load/vec4 v00000136504c2e70_0;
    %pad/u 32;
    %cmpi/e 0, 0, 32;
    %jmp/0xz  T_0.0, 4;
    %pushi/vec4 0, 0, 1;
    %store/vec4 v000001365061ee50_0, 0, 1;
    %jmp T_0.1;
T_0.0 ;
    %load/vec4 v00000136504c2f10_0;
    %pad/u 32;
    %cmpi/e 0, 0, 32;
    %jmp/0xz  T_0.2, 4;
    %load/vec4 v000001365061ee50_0;
    %store/vec4 v000001365061ee50_0, 0, 1;
    %jmp T_0.3;
T_0.2 ;
    %load/vec4 v00000136504c2f10_0;
    %pad/u 32;
    %cmpi/e 1, 0, 32;
    %jmp/0xz  T_0.4, 4;
    %load/vec4 v000001365061ee50_0;
    %inv;
    %store/vec4 v000001365061ee50_0, 0, 1;
T_0.4 ;
T_0.3 ;
T_0.1 ;
    %jmp T_0;
    .thread T_0;
# The file index is used to find the file name in the following table.
:file_names 3;
    "N/A";
    "<interactive>";
    "Flip_Flop_T.v";
