#! /c/Source/iverilog-install/bin/vvp
:ivl_version "12.0 (devel)" "(s20150603-1110-g18392a46)";
:ivl_delay_selection "TYPICAL";
:vpi_time_precision + 0;
:vpi_module "C:\iverilog\lib\ivl\system.vpi";
:vpi_module "C:\iverilog\lib\ivl\vhdl_sys.vpi";
:vpi_module "C:\iverilog\lib\ivl\vhdl_textio.vpi";
:vpi_module "C:\iverilog\lib\ivl\v2005_math.vpi";
:vpi_module "C:\iverilog\lib\ivl\va_math.vpi";
S_0000012eab6d2f30 .scope module, "Memory" "Memory" 2 1;
 .timescale 0 0;
    .port_info 0 /INPUT 8 "Din";
    .port_info 1 /INPUT 12 "Address";
    .port_info 2 /INPUT 1 "Read";
    .port_info 3 /INPUT 1 "Write";
    .port_info 4 /OUTPUT 8 "Dout";
o0000012eab706fa8 .functor BUFZ 12, C4<zzzzzzzzzzzz>; HiZ drive
v0000012eab6d3750_0 .net "Address", 11 0, o0000012eab706fa8;  0 drivers
o0000012eab706fd8 .functor BUFZ 8, C4<zzzzzzzz>; HiZ drive
v0000012eab85a3c0_0 .net "Din", 7 0, o0000012eab706fd8;  0 drivers
v0000012eab6d30c0_0 .net "Dout", 7 0, L_0000012eab703700;  1 drivers
v0000012eab6d3160 .array "MEM", 0 4095, 7 0;
o0000012eab707038 .functor BUFZ 1, C4<z>; HiZ drive
v0000012eab6d3200_0 .net "Read", 0 0, o0000012eab707038;  0 drivers
o0000012eab707068 .functor BUFZ 1, C4<z>; HiZ drive
v0000012eab6d32a0_0 .net "Write", 0 0, o0000012eab707068;  0 drivers
v0000012eab6d3340_0 .net *"_ivl_0", 31 0, L_0000012eab7035c0;  1 drivers
v0000012eab85bc80_0 .net *"_ivl_10", 13 0, L_0000012eab703660;  1 drivers
L_0000012eab74a0b8 .functor BUFT 1, C4<00>, C4<0>, C4<0>, C4<0>;
v0000012eab85bd20_0 .net *"_ivl_13", 1 0, L_0000012eab74a0b8;  1 drivers
o0000012eab707128 .functor BUFZ 8, C4<zzzzzzzz>; HiZ drive
; Elide local net with no drivers, v0000012eab85bdc0_0 name=_ivl_14
L_0000012eab74a028 .functor BUFT 1, C4<0000000000000000000000000000000>, C4<0>, C4<0>, C4<0>;
v0000012eab703c00_0 .net *"_ivl_3", 30 0, L_0000012eab74a028;  1 drivers
L_0000012eab74a070 .functor BUFT 1, C4<00000000000000000000000000000001>, C4<0>, C4<0>, C4<0>;
v0000012eab703ac0_0 .net/2u *"_ivl_4", 31 0, L_0000012eab74a070;  1 drivers
v0000012eab703d40_0 .net *"_ivl_6", 0 0, L_0000012eab7032a0;  1 drivers
v0000012eab703980_0 .net *"_ivl_8", 7 0, L_0000012eab7037a0;  1 drivers
E_0000012eab706a10 .event anyedge, v0000012eab6d32a0_0, v0000012eab85a3c0_0, v0000012eab6d3750_0;
L_0000012eab7035c0 .concat [ 1 31 0 0], o0000012eab707038, L_0000012eab74a028;
L_0000012eab7032a0 .cmp/eq 32, L_0000012eab7035c0, L_0000012eab74a070;
L_0000012eab7037a0 .array/port v0000012eab6d3160, L_0000012eab703660;
L_0000012eab703660 .concat [ 12 2 0 0], o0000012eab706fa8, L_0000012eab74a0b8;
L_0000012eab703700 .functor MUXZ 8, o0000012eab707128, L_0000012eab7037a0, L_0000012eab7032a0, C4<>;
    .scope S_0000012eab6d2f30;
T_0 ;
    %pushi/vec4 5, 0, 8;
    %ix/load 4, 0, 0;
    %flag_set/imm 4, 0;
    %store/vec4a v0000012eab6d3160, 4, 0;
    %pushi/vec4 24, 0, 8;
    %ix/load 4, 86, 0;
    %flag_set/imm 4, 0;
    %store/vec4a v0000012eab6d3160, 4, 0;
    %pushi/vec4 60, 0, 8;
    %ix/load 4, 4065, 0;
    %flag_set/imm 4, 0;
    %store/vec4a v0000012eab6d3160, 4, 0;
    %end;
    .thread T_0;
    .scope S_0000012eab6d2f30;
T_1 ;
    %wait E_0000012eab706a10;
    %load/vec4 v0000012eab6d32a0_0;
    %pad/u 32;
    %cmpi/e 1, 0, 32;
    %jmp/0xz  T_1.0, 4;
    %load/vec4 v0000012eab85a3c0_0;
    %load/vec4 v0000012eab6d3750_0;
    %pad/u 14;
    %ix/vec4 4;
    %store/vec4a v0000012eab6d3160, 4, 0;
T_1.0 ;
    %jmp T_1;
    .thread T_1, $push;
# The file index is used to find the file name in the following table.
:file_names 3;
    "N/A";
    "<interactive>";
    "Memory.v";
