#! /c/Source/iverilog-install/bin/vvp
:ivl_version "12.0 (devel)" "(s20150603-1110-g18392a46)";
:ivl_delay_selection "TYPICAL";
:vpi_time_precision - 12;
:vpi_module "C:\iverilog\lib\ivl\system.vpi";
:vpi_module "C:\iverilog\lib\ivl\vhdl_sys.vpi";
:vpi_module "C:\iverilog\lib\ivl\vhdl_textio.vpi";
:vpi_module "C:\iverilog\lib\ivl\v2005_math.vpi";
:vpi_module "C:\iverilog\lib\ivl\va_math.vpi";
S_0000026ce0f55620 .scope module, "TB" "TB" 2 6;
 .timescale -9 -12;
v0000026ce102c2b0_0 .var "X", 3 0;
v0000026ce102c350_0 .var "Y", 3 0;
v0000026ce0f99840_0 .net "Z", 4 0, L_0000026ce0fe1a30;  1 drivers
S_0000026ce0f557b0 .scope module, "U" "Adder_" 2 12, 3 1 0, S_0000026ce0f55620;
 .timescale -9 -12;
    .port_info 0 /INPUT 4 "X";
    .port_info 1 /INPUT 4 "Y";
    .port_info 2 /OUTPUT 5 "Z";
v0000026ce0f237b0_0 .net "X", 3 0, v0000026ce102c2b0_0;  1 drivers
v0000026ce102a7b0_0 .net "Y", 3 0, v0000026ce102c350_0;  1 drivers
v0000026ce0f23390_0 .net "Z", 4 0, L_0000026ce0fe1a30;  alias, 1 drivers
v0000026ce0f55940_0 .net *"_ivl_0", 4 0, L_0000026ce0f998e0;  1 drivers
L_0000026ce0f99988 .functor BUFT 1, C4<0>, C4<0>, C4<0>, C4<0>;
v0000026ce0f559e0_0 .net *"_ivl_3", 0 0, L_0000026ce0f99988;  1 drivers
v0000026ce102c170_0 .net *"_ivl_4", 4 0, L_0000026ce0fe1990;  1 drivers
L_0000026ce0f999d0 .functor BUFT 1, C4<0>, C4<0>, C4<0>, C4<0>;
v0000026ce102c210_0 .net *"_ivl_7", 0 0, L_0000026ce0f999d0;  1 drivers
L_0000026ce0f998e0 .concat [ 4 1 0 0], v0000026ce102c2b0_0, L_0000026ce0f99988;
L_0000026ce0fe1990 .concat [ 4 1 0 0], v0000026ce102c350_0, L_0000026ce0f999d0;
L_0000026ce0fe1a30 .arith/sum 5, L_0000026ce0f998e0, L_0000026ce0fe1990;
    .scope S_0000026ce0f55620;
T_0 ;
    %vpi_call 2 21 "$dumpfile", "TB.vcd" {0 0 0};
    %vpi_call 2 22 "$dumpvars", 32'sb00000000000000000000000000000000, S_0000026ce0f55620 {0 0 0};
    %pushi/vec4 8, 0, 4;
    %store/vec4 v0000026ce102c2b0_0, 0, 4;
    %pushi/vec4 3, 0, 4;
    %store/vec4 v0000026ce102c350_0, 0, 4;
    %delay 50000, 0;
    %pushi/vec4 4, 0, 4;
    %store/vec4 v0000026ce102c2b0_0, 0, 4;
    %pushi/vec4 4, 0, 4;
    %store/vec4 v0000026ce102c350_0, 0, 4;
    %delay 20000, 0;
    %pushi/vec4 3, 0, 4;
    %store/vec4 v0000026ce102c2b0_0, 0, 4;
    %pushi/vec4 7, 0, 4;
    %store/vec4 v0000026ce102c350_0, 0, 4;
    %delay 69000, 0;
    %pushi/vec4 2, 0, 4;
    %store/vec4 v0000026ce102c2b0_0, 0, 4;
    %pushi/vec4 5, 0, 4;
    %store/vec4 v0000026ce102c350_0, 0, 4;
    %delay 20000, 0;
    %end;
    .thread T_0;
# The file index is used to find the file name in the following table.
:file_names 4;
    "N/A";
    "<interactive>";
    "Adder_tb.v";
    "./Adder.v";
