#! /c/Source/iverilog-install/bin/vvp
:ivl_version "12.0 (devel)" "(s20150603-1539-g2693dd32b)";
:ivl_delay_selection "TYPICAL";
:vpi_time_precision + 0;
:vpi_module "C:\iverilog\lib\ivl\system.vpi";
:vpi_module "C:\iverilog\lib\ivl\vhdl_sys.vpi";
:vpi_module "C:\iverilog\lib\ivl\vhdl_textio.vpi";
:vpi_module "C:\iverilog\lib\ivl\v2005_math.vpi";
:vpi_module "C:\iverilog\lib\ivl\va_math.vpi";
S_00000259a1bde7d0 .scope module, "circuit" "circuit" 2 1;
 .timescale 0 0;
    .port_info 0 /INPUT 4 "A";
    .port_info 1 /INPUT 4 "B";
    .port_info 2 /INPUT 1 "Cin";
    .port_info 3 /INPUT 2 "S";
    .port_info 4 /OUTPUT 4 "D";
    .port_info 5 /OUTPUT 1 "Cout";
o00000259a1c6a788 .functor BUFZ 4, C4<zzzz>; HiZ drive
L_00000259a1c5d4b0 .functor NOT 4, o00000259a1c6a788, C4<0000>, C4<0000>, C4<0000>;
o00000259a1c6a758 .functor BUFZ 4, C4<zzzz>; HiZ drive
v00000259a1cbd400_0 .net "A", 3 0, o00000259a1c6a758;  0 drivers
v00000259a1cbe120_0 .net "B", 3 0, o00000259a1c6a788;  0 drivers
o00000259a1c69fd8 .functor BUFZ 1, C4<z>; HiZ drive
v00000259a1cbe6c0_0 .net "Cin", 0 0, o00000259a1c69fd8;  0 drivers
v00000259a1cbe300_0 .net "Cout", 0 0, L_00000259a1cbe760;  1 drivers
v00000259a1cbd9a0_0 .net "D", 3 0, L_00000259a1cbd7c0;  1 drivers
o00000259a1c6a818 .functor BUFZ 2, C4<zz>; HiZ drive
v00000259a1cbd4a0_0 .net "S", 1 0, o00000259a1c6a818;  0 drivers
v00000259a1cbcb40_0 .net "carry", 3 0, L_00000259a1cbd720;  1 drivers
v00000259a1cbe080_0 .var "mux_out", 3 0;
v00000259a1cbcc80_0 .net "not_B", 3 0, L_00000259a1c5d4b0;  1 drivers
E_00000259a1c57e20 .event anyedge, v00000259a1cbd4a0_0, v00000259a1cbe120_0, v00000259a1cbcc80_0;
L_00000259a1cbcd20 .part o00000259a1c6a758, 0, 1;
L_00000259a1cbe620 .part v00000259a1cbe080_0, 0, 1;
L_00000259a1cbe4e0 .part o00000259a1c6a758, 1, 1;
L_00000259a1cbda40 .part v00000259a1cbe080_0, 1, 1;
L_00000259a1cbcaa0 .part L_00000259a1cbd720, 0, 1;
L_00000259a1cbcdc0 .part o00000259a1c6a758, 2, 1;
L_00000259a1cbcbe0 .part v00000259a1cbe080_0, 2, 1;
L_00000259a1cbd5e0 .part L_00000259a1cbd720, 1, 1;
L_00000259a1cbcf00 .part o00000259a1c6a758, 3, 1;
L_00000259a1cbe1c0 .part v00000259a1cbe080_0, 3, 1;
L_00000259a1cbde00 .part L_00000259a1cbd720, 2, 1;
L_00000259a1cbd7c0 .concat8 [ 1 1 1 1], v00000259a1c5cc70_0, v00000259a1c5bff0_0, v00000259a1c5c950_0, v00000259a1c5cd10_0;
L_00000259a1cbd720 .concat8 [ 1 1 1 1], v00000259a1c5c1d0_0, v00000259a1c5c450_0, v00000259a1c5c810_0, v00000259a1c5cbd0_0;
L_00000259a1cbe760 .part L_00000259a1cbd720, 3, 1;
S_00000259a1bde960 .scope module, "fa0" "full_adder" 2 27, 2 65 0, S_00000259a1bde7d0;
 .timescale 0 0;
    .port_info 0 /INPUT 1 "X";
    .port_info 1 /INPUT 1 "Y";
    .port_info 2 /INPUT 1 "Cin";
    .port_info 3 /OUTPUT 1 "Sum";
    .port_info 4 /OUTPUT 1 "Cout";
v00000259a1c5c4f0_0 .net "Cin", 0 0, o00000259a1c69fd8;  alias, 0 drivers
v00000259a1c5c1d0_0 .var "Cout", 0 0;
v00000259a1c5cc70_0 .var "Sum", 0 0;
v00000259a1c5bf50_0 .net "X", 0 0, L_00000259a1cbcd20;  1 drivers
v00000259a1c5c130_0 .net "Y", 0 0, L_00000259a1cbe620;  1 drivers
E_00000259a1c587a0 .event anyedge, v00000259a1c5bf50_0, v00000259a1c5c130_0, v00000259a1c5c4f0_0;
S_00000259a1bd6bd0 .scope module, "fa1" "full_adder" 2 35, 2 65 0, S_00000259a1bde7d0;
 .timescale 0 0;
    .port_info 0 /INPUT 1 "X";
    .port_info 1 /INPUT 1 "Y";
    .port_info 2 /INPUT 1 "Cin";
    .port_info 3 /OUTPUT 1 "Sum";
    .port_info 4 /OUTPUT 1 "Cout";
v00000259a1c5c590_0 .net "Cin", 0 0, L_00000259a1cbcaa0;  1 drivers
v00000259a1c5c450_0 .var "Cout", 0 0;
v00000259a1c5bff0_0 .var "Sum", 0 0;
v00000259a1c5c630_0 .net "X", 0 0, L_00000259a1cbe4e0;  1 drivers
v00000259a1c5be10_0 .net "Y", 0 0, L_00000259a1cbda40;  1 drivers
E_00000259a1c58620 .event anyedge, v00000259a1c5c630_0, v00000259a1c5be10_0, v00000259a1c5c590_0;
S_00000259a1bd6d60 .scope module, "fa2" "full_adder" 2 43, 2 65 0, S_00000259a1bde7d0;
 .timescale 0 0;
    .port_info 0 /INPUT 1 "X";
    .port_info 1 /INPUT 1 "Y";
    .port_info 2 /INPUT 1 "Cin";
    .port_info 3 /OUTPUT 1 "Sum";
    .port_info 4 /OUTPUT 1 "Cout";
v00000259a1c5c8b0_0 .net "Cin", 0 0, L_00000259a1cbd5e0;  1 drivers
v00000259a1c5c810_0 .var "Cout", 0 0;
v00000259a1c5c950_0 .var "Sum", 0 0;
v00000259a1c5ca90_0 .net "X", 0 0, L_00000259a1cbcdc0;  1 drivers
v00000259a1c5c090_0 .net "Y", 0 0, L_00000259a1cbcbe0;  1 drivers
E_00000259a1c586a0 .event anyedge, v00000259a1c5ca90_0, v00000259a1c5c090_0, v00000259a1c5c8b0_0;
S_00000259a1c637e0 .scope module, "fa3" "full_adder" 2 51, 2 65 0, S_00000259a1bde7d0;
 .timescale 0 0;
    .port_info 0 /INPUT 1 "X";
    .port_info 1 /INPUT 1 "Y";
    .port_info 2 /INPUT 1 "Cin";
    .port_info 3 /OUTPUT 1 "Sum";
    .port_info 4 /OUTPUT 1 "Cout";
v00000259a1c5cb30_0 .net "Cin", 0 0, L_00000259a1cbde00;  1 drivers
v00000259a1c5cbd0_0 .var "Cout", 0 0;
v00000259a1c5cd10_0 .var "Sum", 0 0;
v00000259a1c5c270_0 .net "X", 0 0, L_00000259a1cbcf00;  1 drivers
v00000259a1cbd540_0 .net "Y", 0 0, L_00000259a1cbe1c0;  1 drivers
E_00000259a1c57860 .event anyedge, v00000259a1c5c270_0, v00000259a1cbd540_0, v00000259a1c5cb30_0;
    .scope S_00000259a1bde960;
T_0 ;
    %wait E_00000259a1c587a0;
    %load/vec4 v00000259a1c5bf50_0;
    %pad/u 2;
    %load/vec4 v00000259a1c5c130_0;
    %pad/u 2;
    %add;
    %load/vec4 v00000259a1c5c4f0_0;
    %pad/u 2;
    %add;
    %split/vec4 1;
    %store/vec4 v00000259a1c5cc70_0, 0, 1;
    %store/vec4 v00000259a1c5c1d0_0, 0, 1;
    %jmp T_0;
    .thread T_0, $push;
    .scope S_00000259a1bd6bd0;
T_1 ;
    %wait E_00000259a1c58620;
    %load/vec4 v00000259a1c5c630_0;
    %pad/u 2;
    %load/vec4 v00000259a1c5be10_0;
    %pad/u 2;
    %add;
    %load/vec4 v00000259a1c5c590_0;
    %pad/u 2;
    %add;
    %split/vec4 1;
    %store/vec4 v00000259a1c5bff0_0, 0, 1;
    %store/vec4 v00000259a1c5c450_0, 0, 1;
    %jmp T_1;
    .thread T_1, $push;
    .scope S_00000259a1bd6d60;
T_2 ;
    %wait E_00000259a1c586a0;
    %load/vec4 v00000259a1c5ca90_0;
    %pad/u 2;
    %load/vec4 v00000259a1c5c090_0;
    %pad/u 2;
    %add;
    %load/vec4 v00000259a1c5c8b0_0;
    %pad/u 2;
    %add;
    %split/vec4 1;
    %store/vec4 v00000259a1c5c950_0, 0, 1;
    %store/vec4 v00000259a1c5c810_0, 0, 1;
    %jmp T_2;
    .thread T_2, $push;
    .scope S_00000259a1c637e0;
T_3 ;
    %wait E_00000259a1c57860;
    %load/vec4 v00000259a1c5c270_0;
    %pad/u 2;
    %load/vec4 v00000259a1cbd540_0;
    %pad/u 2;
    %add;
    %load/vec4 v00000259a1c5cb30_0;
    %pad/u 2;
    %add;
    %split/vec4 1;
    %store/vec4 v00000259a1c5cd10_0, 0, 1;
    %store/vec4 v00000259a1c5cbd0_0, 0, 1;
    %jmp T_3;
    .thread T_3, $push;
    .scope S_00000259a1bde7d0;
T_4 ;
    %wait E_00000259a1c57e20;
    %load/vec4 v00000259a1cbd4a0_0;
    %dup/vec4;
    %pushi/vec4 0, 0, 2;
    %cmp/u;
    %jmp/1 T_4.0, 6;
    %dup/vec4;
    %pushi/vec4 1, 0, 2;
    %cmp/u;
    %jmp/1 T_4.1, 6;
    %dup/vec4;
    %pushi/vec4 2, 0, 2;
    %cmp/u;
    %jmp/1 T_4.2, 6;
    %dup/vec4;
    %pushi/vec4 3, 0, 2;
    %cmp/u;
    %jmp/1 T_4.3, 6;
    %jmp T_4.4;
T_4.0 ;
    %pushi/vec4 0, 0, 4;
    %store/vec4 v00000259a1cbe080_0, 0, 4;
    %jmp T_4.4;
T_4.1 ;
    %pushi/vec4 15, 0, 4;
    %store/vec4 v00000259a1cbe080_0, 0, 4;
    %jmp T_4.4;
T_4.2 ;
    %load/vec4 v00000259a1cbe120_0;
    %store/vec4 v00000259a1cbe080_0, 0, 4;
    %jmp T_4.4;
T_4.3 ;
    %load/vec4 v00000259a1cbcc80_0;
    %store/vec4 v00000259a1cbe080_0, 0, 4;
    %jmp T_4.4;
T_4.4 ;
    %pop/vec4 1;
    %jmp T_4;
    .thread T_4, $push;
# The file index is used to find the file name in the following table.
:file_names 3;
    "N/A";
    "<interactive>";
    "Project.v";
