#! /c/Source/iverilog-install/bin/vvp
:ivl_version "12.0 (devel)" "(s20150603-1110-g18392a46)";
:ivl_delay_selection "TYPICAL";
:vpi_time_precision + 0;
:vpi_module "C:\iverilog\lib\ivl\system.vpi";
:vpi_module "C:\iverilog\lib\ivl\vhdl_sys.vpi";
:vpi_module "C:\iverilog\lib\ivl\vhdl_textio.vpi";
:vpi_module "C:\iverilog\lib\ivl\v2005_math.vpi";
:vpi_module "C:\iverilog\lib\ivl\va_math.vpi";
S_000001893fc9ba90 .scope module, "Binary_To_7Segment" "Binary_To_7Segment" 2 1;
 .timescale 0 0;
    .port_info 0 /INPUT 1 "i_Clk";
    .port_info 1 /INPUT 4 "i_Binary_Num";
    .port_info 2 /OUTPUT 1 "o_Segment_A";
    .port_info 3 /OUTPUT 1 "o_Segment_B";
    .port_info 4 /OUTPUT 1 "o_Segment_C";
    .port_info 5 /OUTPUT 1 "o_Segment_D";
    .port_info 6 /OUTPUT 1 "o_Segment_E";
    .port_info 7 /OUTPUT 1 "o_Segment_F";
    .port_info 8 /OUTPUT 1 "o_Segment_G";
o000001893fb7bfb8 .functor BUFZ 4, C4<zzzz>; HiZ drive
v000001893fb65dc0_0 .net "i_Binary_Num", 3 0, o000001893fb7bfb8;  0 drivers
o000001893fb7bfe8 .functor BUFZ 1, C4<z>; HiZ drive
v000001893fb66180_0 .net "i_Clk", 0 0, o000001893fb7bfe8;  0 drivers
v000001893fb65780_0 .net "o_Segment_A", 0 0, L_000001893fb65f00;  1 drivers
v000001893fb65500_0 .net "o_Segment_B", 0 0, L_000001893fb65fa0;  1 drivers
v000001893fb65280_0 .net "o_Segment_C", 0 0, L_000001893fb658c0;  1 drivers
v000001893fb65e60_0 .net "o_Segment_D", 0 0, L_000001893fb66040;  1 drivers
v000001893fb656e0_0 .net "o_Segment_E", 0 0, L_000001893fb65a00;  1 drivers
v000001893fb65820_0 .net "o_Segment_F", 0 0, L_000001893fb65960;  1 drivers
v000001893fb65c80_0 .net "o_Segment_G", 0 0, L_000001893fb65aa0;  1 drivers
v000001893fb660e0_0 .var "r_Hex_Encoding", 6 0;
E_000001893fc9ac00 .event posedge, v000001893fb66180_0;
L_000001893fb65f00 .part v000001893fb660e0_0, 6, 1;
L_000001893fb65fa0 .part v000001893fb660e0_0, 5, 1;
L_000001893fb658c0 .part v000001893fb660e0_0, 4, 1;
L_000001893fb66040 .part v000001893fb660e0_0, 3, 1;
L_000001893fb65a00 .part v000001893fb660e0_0, 2, 1;
L_000001893fb65960 .part v000001893fb660e0_0, 1, 1;
L_000001893fb65aa0 .part v000001893fb660e0_0, 0, 1;
    .scope S_000001893fc9ba90;
T_0 ;
    %pushi/vec4 0, 0, 7;
    %store/vec4 v000001893fb660e0_0, 0, 7;
    %end;
    .thread T_0;
    .scope S_000001893fc9ba90;
T_1 ;
    %wait E_000001893fc9ac00;
    %load/vec4 v000001893fb65dc0_0;
    %dup/vec4;
    %pushi/vec4 0, 0, 4;
    %cmp/u;
    %jmp/1 T_1.0, 6;
    %dup/vec4;
    %pushi/vec4 1, 0, 4;
    %cmp/u;
    %jmp/1 T_1.1, 6;
    %dup/vec4;
    %pushi/vec4 2, 0, 4;
    %cmp/u;
    %jmp/1 T_1.2, 6;
    %dup/vec4;
    %pushi/vec4 3, 0, 4;
    %cmp/u;
    %jmp/1 T_1.3, 6;
    %dup/vec4;
    %pushi/vec4 4, 0, 4;
    %cmp/u;
    %jmp/1 T_1.4, 6;
    %dup/vec4;
    %pushi/vec4 5, 0, 4;
    %cmp/u;
    %jmp/1 T_1.5, 6;
    %dup/vec4;
    %pushi/vec4 6, 0, 4;
    %cmp/u;
    %jmp/1 T_1.6, 6;
    %dup/vec4;
    %pushi/vec4 7, 0, 4;
    %cmp/u;
    %jmp/1 T_1.7, 6;
    %dup/vec4;
    %pushi/vec4 8, 0, 4;
    %cmp/u;
    %jmp/1 T_1.8, 6;
    %dup/vec4;
    %pushi/vec4 9, 0, 4;
    %cmp/u;
    %jmp/1 T_1.9, 6;
    %dup/vec4;
    %pushi/vec4 10, 0, 4;
    %cmp/u;
    %jmp/1 T_1.10, 6;
    %dup/vec4;
    %pushi/vec4 11, 0, 4;
    %cmp/u;
    %jmp/1 T_1.11, 6;
    %dup/vec4;
    %pushi/vec4 12, 0, 4;
    %cmp/u;
    %jmp/1 T_1.12, 6;
    %dup/vec4;
    %pushi/vec4 13, 0, 4;
    %cmp/u;
    %jmp/1 T_1.13, 6;
    %dup/vec4;
    %pushi/vec4 14, 0, 4;
    %cmp/u;
    %jmp/1 T_1.14, 6;
    %dup/vec4;
    %pushi/vec4 15, 0, 4;
    %cmp/u;
    %jmp/1 T_1.15, 6;
    %jmp T_1.16;
T_1.0 ;
    %pushi/vec4 126, 0, 7;
    %assign/vec4 v000001893fb660e0_0, 0;
    %jmp T_1.16;
T_1.1 ;
    %pushi/vec4 48, 0, 7;
    %assign/vec4 v000001893fb660e0_0, 0;
    %jmp T_1.16;
T_1.2 ;
    %pushi/vec4 109, 0, 7;
    %assign/vec4 v000001893fb660e0_0, 0;
    %jmp T_1.16;
T_1.3 ;
    %pushi/vec4 121, 0, 7;
    %assign/vec4 v000001893fb660e0_0, 0;
    %jmp T_1.16;
T_1.4 ;
    %pushi/vec4 51, 0, 7;
    %assign/vec4 v000001893fb660e0_0, 0;
    %jmp T_1.16;
T_1.5 ;
    %pushi/vec4 91, 0, 7;
    %assign/vec4 v000001893fb660e0_0, 0;
    %jmp T_1.16;
T_1.6 ;
    %pushi/vec4 95, 0, 7;
    %assign/vec4 v000001893fb660e0_0, 0;
    %jmp T_1.16;
T_1.7 ;
    %pushi/vec4 112, 0, 7;
    %assign/vec4 v000001893fb660e0_0, 0;
    %jmp T_1.16;
T_1.8 ;
    %pushi/vec4 127, 0, 7;
    %assign/vec4 v000001893fb660e0_0, 0;
    %jmp T_1.16;
T_1.9 ;
    %pushi/vec4 123, 0, 7;
    %assign/vec4 v000001893fb660e0_0, 0;
    %jmp T_1.16;
T_1.10 ;
    %pushi/vec4 119, 0, 7;
    %assign/vec4 v000001893fb660e0_0, 0;
    %jmp T_1.16;
T_1.11 ;
    %pushi/vec4 31, 0, 7;
    %assign/vec4 v000001893fb660e0_0, 0;
    %jmp T_1.16;
T_1.12 ;
    %pushi/vec4 78, 0, 7;
    %assign/vec4 v000001893fb660e0_0, 0;
    %jmp T_1.16;
T_1.13 ;
    %pushi/vec4 61, 0, 7;
    %assign/vec4 v000001893fb660e0_0, 0;
    %jmp T_1.16;
T_1.14 ;
    %pushi/vec4 79, 0, 7;
    %assign/vec4 v000001893fb660e0_0, 0;
    %jmp T_1.16;
T_1.15 ;
    %pushi/vec4 71, 0, 7;
    %assign/vec4 v000001893fb660e0_0, 0;
    %jmp T_1.16;
T_1.16 ;
    %pop/vec4 1;
    %jmp T_1;
    .thread T_1;
# The file index is used to find the file name in the following table.
:file_names 3;
    "N/A";
    "<interactive>";
    "7Segment.v";
