#! /c/Source/iverilog-install/bin/vvp
:ivl_version "12.0 (devel)" "(s20150603-1110-g18392a46)";
:ivl_delay_selection "TYPICAL";
:vpi_time_precision + 0;
:vpi_module "C:\iverilog\lib\ivl\system.vpi";
:vpi_module "C:\iverilog\lib\ivl\vhdl_sys.vpi";
:vpi_module "C:\iverilog\lib\ivl\vhdl_textio.vpi";
:vpi_module "C:\iverilog\lib\ivl\v2005_math.vpi";
:vpi_module "C:\iverilog\lib\ivl\va_math.vpi";
S_000001e5a31d5f10 .scope module, "NewAdder" "NewAdder" 2 12;
 .timescale 0 0;
    .port_info 0 /INPUT 4 "A";
    .port_info 1 /INPUT 4 "B";
    .port_info 2 /INPUT 4 "C";
    .port_info 3 /INPUT 4 "D";
    .port_info 4 /INPUT 4 "E";
    .port_info 5 /INPUT 4 "F";
    .port_info 6 /OUTPUT 5 "G";
    .port_info 7 /OUTPUT 5 "H";
    .port_info 8 /OUTPUT 5 "K";
o000001e5a31d7008 .functor BUFZ 4, C4<zzzz>; HiZ drive
v000001e5a31d2810_0 .net "A", 3 0, o000001e5a31d7008;  0 drivers
o000001e5a31d7038 .functor BUFZ 4, C4<zzzz>; HiZ drive
v000001e5a31d2450_0 .net "B", 3 0, o000001e5a31d7038;  0 drivers
o000001e5a31d71e8 .functor BUFZ 4, C4<zzzz>; HiZ drive
v000001e5a31d2d10_0 .net "C", 3 0, o000001e5a31d71e8;  0 drivers
o000001e5a31d7218 .functor BUFZ 4, C4<zzzz>; HiZ drive
v000001e5a31d24f0_0 .net "D", 3 0, o000001e5a31d7218;  0 drivers
o000001e5a31d73c8 .functor BUFZ 4, C4<zzzz>; HiZ drive
v000001e5a31d3170_0 .net "E", 3 0, o000001e5a31d73c8;  0 drivers
o000001e5a31d73f8 .functor BUFZ 4, C4<zzzz>; HiZ drive
v000001e5a31d2c70_0 .net "F", 3 0, o000001e5a31d73f8;  0 drivers
v000001e5a31d3030_0 .net "G", 4 0, L_000001e5a31d28b0;  1 drivers
v000001e5a31d30d0_0 .net "H", 4 0, L_000001e5a3269a50;  1 drivers
v000001e5a31d3210_0 .net "K", 4 0, L_000001e5a3269e10;  1 drivers
S_000001e5a31d60a0 .scope module, "U1" "Adder" 2 25, 2 1 0, S_000001e5a31d5f10;
 .timescale 0 0;
    .port_info 0 /INPUT 4 "X";
    .port_info 1 /INPUT 4 "Y";
    .port_info 2 /OUTPUT 5 "F";
v000001e5a31d6230_0 .net "F", 4 0, L_000001e5a31d28b0;  alias, 1 drivers
v000001e5a31a30e0_0 .net "X", 3 0, o000001e5a31d7008;  alias, 0 drivers
v000001e5a321f840_0 .net "Y", 3 0, o000001e5a31d7038;  alias, 0 drivers
v000001e5a321f8e0_0 .net *"_ivl_0", 4 0, L_000001e5a31d32b0;  1 drivers
L_000001e5a321ffb8 .functor BUFT 1, C4<0>, C4<0>, C4<0>, C4<0>;
v000001e5a321f980_0 .net *"_ivl_3", 0 0, L_000001e5a321ffb8;  1 drivers
v000001e5a321fa20_0 .net *"_ivl_4", 4 0, L_000001e5a31d2590;  1 drivers
L_000001e5a3220000 .functor BUFT 1, C4<0>, C4<0>, C4<0>, C4<0>;
v000001e5a321fac0_0 .net *"_ivl_7", 0 0, L_000001e5a3220000;  1 drivers
L_000001e5a31d32b0 .concat [ 4 1 0 0], o000001e5a31d7008, L_000001e5a321ffb8;
L_000001e5a31d2590 .concat [ 4 1 0 0], o000001e5a31d7038, L_000001e5a3220000;
L_000001e5a31d28b0 .arith/sum 5, L_000001e5a31d32b0, L_000001e5a31d2590;
S_000001e5a321fb60 .scope module, "U2" "Adder" 2 31, 2 1 0, S_000001e5a31d5f10;
 .timescale 0 0;
    .port_info 0 /INPUT 4 "X";
    .port_info 1 /INPUT 4 "Y";
    .port_info 2 /OUTPUT 5 "F";
v000001e5a321fcf0_0 .net "F", 4 0, L_000001e5a3269a50;  alias, 1 drivers
v000001e5a31d2770_0 .net "X", 3 0, o000001e5a31d71e8;  alias, 0 drivers
v000001e5a31d2950_0 .net "Y", 3 0, o000001e5a31d7218;  alias, 0 drivers
v000001e5a31d29f0_0 .net *"_ivl_0", 4 0, L_000001e5a3268e70;  1 drivers
L_000001e5a3220048 .functor BUFT 1, C4<0>, C4<0>, C4<0>, C4<0>;
v000001e5a31d2630_0 .net *"_ivl_3", 0 0, L_000001e5a3220048;  1 drivers
v000001e5a31d2bd0_0 .net *"_ivl_4", 4 0, L_000001e5a3269d70;  1 drivers
L_000001e5a3220090 .functor BUFT 1, C4<0>, C4<0>, C4<0>, C4<0>;
v000001e5a31d2e50_0 .net *"_ivl_7", 0 0, L_000001e5a3220090;  1 drivers
L_000001e5a3268e70 .concat [ 4 1 0 0], o000001e5a31d71e8, L_000001e5a3220048;
L_000001e5a3269d70 .concat [ 4 1 0 0], o000001e5a31d7218, L_000001e5a3220090;
L_000001e5a3269a50 .arith/sum 5, L_000001e5a3268e70, L_000001e5a3269d70;
S_000001e5a321fd90 .scope module, "U3" "Adder" 2 37, 2 1 0, S_000001e5a31d5f10;
 .timescale 0 0;
    .port_info 0 /INPUT 4 "X";
    .port_info 1 /INPUT 4 "Y";
    .port_info 2 /OUTPUT 5 "F";
v000001e5a31d2a90_0 .net "F", 4 0, L_000001e5a3269e10;  alias, 1 drivers
v000001e5a31d2db0_0 .net "X", 3 0, o000001e5a31d73c8;  alias, 0 drivers
v000001e5a31d2b30_0 .net "Y", 3 0, o000001e5a31d73f8;  alias, 0 drivers
v000001e5a31d26d0_0 .net *"_ivl_0", 4 0, L_000001e5a3269730;  1 drivers
L_000001e5a32200d8 .functor BUFT 1, C4<0>, C4<0>, C4<0>, C4<0>;
v000001e5a31d23b0_0 .net *"_ivl_3", 0 0, L_000001e5a32200d8;  1 drivers
v000001e5a31d2ef0_0 .net *"_ivl_4", 4 0, L_000001e5a3268150;  1 drivers
L_000001e5a3220120 .functor BUFT 1, C4<0>, C4<0>, C4<0>, C4<0>;
v000001e5a31d2f90_0 .net *"_ivl_7", 0 0, L_000001e5a3220120;  1 drivers
L_000001e5a3269730 .concat [ 4 1 0 0], o000001e5a31d73c8, L_000001e5a32200d8;
L_000001e5a3268150 .concat [ 4 1 0 0], o000001e5a31d73f8, L_000001e5a3220120;
L_000001e5a3269e10 .arith/sum 5, L_000001e5a3269730, L_000001e5a3268150;
# The file index is used to find the file name in the following table.
:file_names 3;
    "N/A";
    "<interactive>";
    "Adder.v";
